0 info it worked if it ends with ok
1 verbose cli [ '/usr/bin/nodejs',
1 verbose cli   '/usr/bin/npm',
1 verbose cli   'repo',
1 verbose cli   'https://github.com/paulburton0/morsenews.git' ]
2 info using npm@3.5.2
3 info using node@v4.2.6
4 silly fetchPackageMetaData https://github.com/paulburton0/morsenews.git
5 silly fetchOtherPackageData https://github.com/paulburton0/morsenews.git
6 silly cache add args [ 'https://github.com/paulburton0/morsenews.git', null ]
7 verbose cache add spec https://github.com/paulburton0/morsenews.git
8 silly cache add parsed spec Result {
8 silly cache add   raw: 'https://github.com/paulburton0/morsenews.git',
8 silly cache add   scope: null,
8 silly cache add   name: null,
8 silly cache add   rawSpec: 'https://github.com/paulburton0/morsenews.git',
8 silly cache add   spec: 'git+https://github.com/paulburton0/morsenews.git',
8 silly cache add   type: 'hosted',
8 silly cache add   hosted:
8 silly cache add    { type: 'github',
8 silly cache add      ssh: 'git@github.com:paulburton0/morsenews.git',
8 silly cache add      sshUrl: 'git+ssh://git@github.com/paulburton0/morsenews.git',
8 silly cache add      httpsUrl: 'git+https://github.com/paulburton0/morsenews.git',
8 silly cache add      gitUrl: 'git://github.com/paulburton0/morsenews.git',
8 silly cache add      shortcut: 'github:paulburton0/morsenews',
8 silly cache add      directUrl: 'https://raw.githubusercontent.com/paulburton0/morsenews/master/package.json' } }
9 verbose addRemoteGit caching https://github.com/paulburton0/morsenews.git
10 verbose addRemoteGit git+https://github.com/paulburton0/morsenews.git is a repository hosted by github
11 silly tryClone cloning git+https://github.com/paulburton0/morsenews.git via git+https://github.com/paulburton0/morsenews.git
12 verbose tryClone git-https-github-com-paulburton0-morsenews-git-6639a9a9 not in flight; caching
13 info git [ 'clone',
13 info git   '--template=/home/pburton/.npm/_git-remotes/_templates',
13 info git   '--mirror',
13 info git   'https://github.com/paulburton0/morsenews.git',
13 info git   '/home/pburton/.npm/_git-remotes/git-https-github-com-paulburton0-morsenews-git-6639a9a9' ]
14 verbose mirrorRemote git+https://github.com/paulburton0/morsenews.git git clone https://github.com/paulburton0/morsenews.git
15 verbose setPermissions git+https://github.com/paulburton0/morsenews.git set permissions on /home/pburton/.npm/_git-remotes/git-https-github-com-paulburton0-morsenews-git-6639a9a9
16 verbose resolveHead git+https://github.com/paulburton0/morsenews.git original treeish: master
17 info git [ 'rev-list', '-n1', 'master' ]
18 error git rev-list -n1 master: fatal: ambiguous argument 'master': unknown revision or path not in the working tree.
18 error git rev-list -n1 master: Use '--' to separate paths from revisions, like this:
18 error git rev-list -n1 master: 'git <command> [<revision>...] -- [<file>...]'
19 silly fetchPackageMetaData Error: Command failed: git rev-list -n1 master
19 silly fetchPackageMetaData fatal: ambiguous argument 'master': unknown revision or path not in the working tree.
19 silly fetchPackageMetaData Use '--' to separate paths from revisions, like this:
19 silly fetchPackageMetaData 'git <command> [<revision>...] -- [<file>...]'
19 silly fetchPackageMetaData
19 silly fetchPackageMetaData     at ChildProcess.exithandler (child_process.js:213:12)
19 silly fetchPackageMetaData     at emitTwo (events.js:87:13)
19 silly fetchPackageMetaData     at ChildProcess.emit (events.js:172:7)
19 silly fetchPackageMetaData     at maybeClose (internal/child_process.js:821:16)
19 silly fetchPackageMetaData     at Process.ChildProcess._handle.onexit (internal/child_process.js:211:5)
19 silly fetchPackageMetaData  error for https://github.com/paulburton0/morsenews.git { [Error: Command failed: git rev-list -n1 master
19 silly fetchPackageMetaData fatal: ambiguous argument 'master': unknown revision or path not in the working tree.
19 silly fetchPackageMetaData Use '--' to separate paths from revisions, like this:
19 silly fetchPackageMetaData 'git <command> [<revision>...] -- [<file>...]'
19 silly fetchPackageMetaData ]
19 silly fetchPackageMetaData   killed: false,
19 silly fetchPackageMetaData   code: 128,
19 silly fetchPackageMetaData   signal: null,
19 silly fetchPackageMetaData   cmd: 'git rev-list -n1 master' }
20 verbose stack Error: Command failed: git rev-list -n1 master
20 verbose stack fatal: ambiguous argument 'master': unknown revision or path not in the working tree.
20 verbose stack Use '--' to separate paths from revisions, like this:
20 verbose stack 'git <command> [<revision>...] -- [<file>...]'
20 verbose stack
20 verbose stack     at ChildProcess.exithandler (child_process.js:213:12)
20 verbose stack     at emitTwo (events.js:87:13)
20 verbose stack     at ChildProcess.emit (events.js:172:7)
20 verbose stack     at maybeClose (internal/child_process.js:821:16)
20 verbose stack     at Process.ChildProcess._handle.onexit (internal/child_process.js:211:5)
21 verbose cwd /home/pburton/morsenews
22 error Linux 4.4.0-53-generic
23 error argv "/usr/bin/nodejs" "/usr/bin/npm" "repo" "https://github.com/paulburton0/morsenews.git"
24 error node v4.2.6
25 error npm  v3.5.2
26 error code 128
27 error Command failed: git rev-list -n1 master
27 error fatal: ambiguous argument 'master': unknown revision or path not in the working tree.
27 error Use '--' to separate paths from revisions, like this:
27 error 'git <command> [<revision>...] -- [<file>...]'
28 error If you need help, you may report this error at:
28 error     <https://github.com/npm/npm/issues>
29 verbose exit [ 1, true ]
